<?xml version="1.0" encoding="UTF-8"?>
<!-- Generated by org.testng.reporters.JUnitXMLReporter -->
<testsuite hostname="malmike" name="Default test" tests="23" failures="0" timestamp="21 Apr 2016 18:20:16 GMT" time="3.032" errors="0">
  <testcase name="deleteTeacherByTeacherId" time="0.023" classname="com.sma.service.impl.TeacherServiceImplTest"/>
  <testcase name="findAllTeachers" time="0.01" classname="com.sma.service.impl.TeacherServiceImplTest"/>
  <testcase name="findById" time="0.004" classname="com.sma.service.impl.TeacherServiceImplTest"/>
  <testcase name="findTeacherByTeacherId" time="0.003" classname="com.sma.service.impl.TeacherServiceImplTest"/>
  <testcase name="isTeacherTeacherIdUnique" time="0.002" classname="com.sma.service.impl.TeacherServiceImplTest"/>
  <testcase name="saveTeacher" time="0.002" classname="com.sma.service.impl.TeacherServiceImplTest"/>
  <testcase name="updateTeacher" time="0.002" classname="com.sma.service.impl.TeacherServiceImplTest"/>
  <testcase name="deleteTeacher" time="0.001" classname="com.sma.controller.TeacherControllerTest"/>
  <testcase name="editTeacher" time="0.027" classname="com.sma.controller.TeacherControllerTest"/>
  <testcase name="listTeachers" time="0.002" classname="com.sma.controller.TeacherControllerTest"/>
  <testcase name="newTeacher" time="0.001" classname="com.sma.controller.TeacherControllerTest"/>
  <testcase name="saveTeacherWithSuccess" time="0.003" classname="com.sma.controller.TeacherControllerTest"/>
  <testcase name="saveTeacherWithValidationError" time="0.001" classname="com.sma.controller.TeacherControllerTest"/>
  <testcase name="saveTeacherWithValidationErrorNonUniqueTeacherId" time="0.004" classname="com.sma.controller.TeacherControllerTest"/>
  <testcase name="updateTeacherWithSuccess" time="0.003" classname="com.sma.controller.TeacherControllerTest"/>
  <testcase name="updateTeacherWithValidationError" time="0.001" classname="com.sma.controller.TeacherControllerTest"/>
  <testcase name="updateTeacherWithValidationErrorNonUniqueSSN" time="0.002" classname="com.sma.controller.TeacherControllerTest"/>
  <testcase name="deleteTeacherByInvalidTeacherId" time="0.088" classname="com.sma.dao.TeacherDaoImplTest"/>
  <testcase name="deleteTeacherByTeacherId" time="0.003" classname="com.sma.dao.TeacherDaoImplTest"/>
  <testcase name="findAllTeachers" time="0.004" classname="com.sma.dao.TeacherDaoImplTest"/>
  <testcase name="findById" time="0.015" classname="com.sma.dao.TeacherDaoImplTest"/>
  <testcase name="findTeacherByTeacherId" time="0.015" classname="com.sma.dao.TeacherDaoImplTest"/>
  <testcase name="saveTeacher" time="0.049" classname="com.sma.dao.TeacherDaoImplTest"/>
</testsuite> <!-- Default test -->
